<?xml version="1.0" encoding="UTF-8"?>
<!-- Generated by org.testng.reporters.JUnitXMLReporter -->
<testsuite ignored="0" hostname="giangvo" failures="1" tests="17" name="Surefire test" time="107.28" errors="0" timestamp="2023-10-04T13:19:55 EDT">
  <testcase classname="testcases.TestCallData" name="lireData" time="0.003"/>
  <testcase classname="testcases.TestCallData" name="lireData" time="0.0"/>
  <testcase classname="testcases.TestCallData" name="lireData" time="0.001"/>
  <testcase classname="testcases.TestCallData" name="lireData" time="0.002"/>
  <testcase classname="testcases.TestCallData" name="lireDataCol" time="0.001"/>
  <testcase classname="testcases.TestCallData" name="lireDataCol" time="0.0"/>
  <testcase classname="testcases.TestCallData" name="lireDataCol" time="0.001"/>
  <testcase classname="testcases.TestCallData" name="lireDataCol" time="0.0"/>
  <testcase classname="testcases.TestCreerUnModele" name="testCreerUnModele" time="4.516"/>
  <testcase classname="testcases.TestCreerUnModele" name="testCreerUnModele" time="4.53"/>
  <testcase classname="testcases.TestCreerUnModele" name="testCreerUnModele" time="4.493"/>
  <testcase classname="testcases.TestCreerUnModele" name="testCreerUnModele" time="4.469"/>
  <testcase classname="testcases.TestLoginLogout" name="ouvrirOutilAdmin" time="12.366">
    <failure type="org.openqa.selenium.NoSuchElementException" message="no such element: Unable to locate element: {&amp;quot;method&amp;quot;:&amp;quot;xpath&amp;quot;,&amp;quot;selector&amp;quot;:&amp;quot;//span[text()=&amp;apos;Test_Web_Driver&amp;apos;]/ancestor::tr/td//span[text()=&amp;apos;Actions&amp;apos;]&amp;quot;}
  (Session info: chrome=117.0.5938.132)
For documentation on this error, please visit: https://www.selenium.dev/documentation/webdriver/troubleshooting/errors#no-such-element-exception
Build info: version: &amp;apos;4.11.0&amp;apos;, revision: &amp;apos;040bc5406b&amp;apos;
System info: os.name: &amp;apos;Windows 11&amp;apos;, os.arch: &amp;apos;amd64&amp;apos;, os.version: &amp;apos;10.0&amp;apos;, java.version: &amp;apos;19.0.1&amp;apos;
Driver info: org.openqa.selenium.chrome.ChromeDriver
Command: [7d51432b48f651ad57db520a3fa12375, findElement {using=xpath, value=//span[text()=&amp;apos;Test_Web_Driver&amp;apos;]/ancestor::tr/td//span[text()=&amp;apos;Actions&amp;apos;]}]
Capabilities {acceptInsecureCerts: false, browserName: chrome, browserVersion: 117.0.5938.132, chrome: {chromedriverVersion: 116.0.5845.96 (1a3918166880..., userDataDir: C:\Users\hgian\AppData\Loca...}, fedcm:accounts: true, goog:chromeOptions: {debuggerAddress: localhost:52464}, networkConnectionEnabled: false, pageLoadStrategy: normal, platformName: windows, proxy: Proxy(), se:cdp: ws://localhost:52464/devtoo..., se:cdpVersion: 117.0.5938.132, setWindowRect: true, strictFileInteractability: false, timeouts: {implicit: 0, pageLoad: 300000, script: 30000}, unhandledPromptBehavior: dismiss and notify, webauthn:extension:credBlob: true, webauthn:extension:largeBlob: true, webauthn:extension:minPinLength: true, webauthn:extension:prf: true, webauthn:virtualAuthenticators: true}
Session ID: 7d51432b48f651ad57db520a3fa12375">
      <![CDATA[org.openqa.selenium.NoSuchElementException: no such element: Unable to locate element: {"method":"xpath","selector":"//span[text()='Test_Web_Driver']/ancestor::tr/td//span[text()='Actions']"}
  (Session info: chrome=117.0.5938.132)
For documentation on this error, please visit: https://www.selenium.dev/documentation/webdriver/troubleshooting/errors#no-such-element-exception
Build info: version: '4.11.0', revision: '040bc5406b'
System info: os.name: 'Windows 11', os.arch: 'amd64', os.version: '10.0', java.version: '19.0.1'
Driver info: org.openqa.selenium.chrome.ChromeDriver
Command: [7d51432b48f651ad57db520a3fa12375, findElement {using=xpath, value=//span[text()='Test_Web_Driver']/ancestor::tr/td//span[text()='Actions']}]
Capabilities {acceptInsecureCerts: false, browserName: chrome, browserVersion: 117.0.5938.132, chrome: {chromedriverVersion: 116.0.5845.96 (1a3918166880..., userDataDir: C:\Users\hgian\AppData\Loca...}, fedcm:accounts: true, goog:chromeOptions: {debuggerAddress: localhost:52464}, networkConnectionEnabled: false, pageLoadStrategy: normal, platformName: windows, proxy: Proxy(), se:cdp: ws://localhost:52464/devtoo..., se:cdpVersion: 117.0.5938.132, setWindowRect: true, strictFileInteractability: false, timeouts: {implicit: 0, pageLoad: 300000, script: 30000}, unhandledPromptBehavior: dismiss and notify, webauthn:extension:credBlob: true, webauthn:extension:largeBlob: true, webauthn:extension:minPinLength: true, webauthn:extension:prf: true, webauthn:virtualAuthenticators: true}
Session ID: 7d51432b48f651ad57db520a3fa12375
at org.openqa.selenium.remote.codec.w3c.W3CHttpResponseCodec.createException(W3CHttpResponseCodec.java:200)
at org.openqa.selenium.remote.codec.w3c.W3CHttpResponseCodec.decode(W3CHttpResponseCodec.java:133)
at org.openqa.selenium.remote.codec.w3c.W3CHttpResponseCodec.decode(W3CHttpResponseCodec.java:52)
at org.openqa.selenium.remote.HttpCommandExecutor.execute(HttpCommandExecutor.java:191)
at org.openqa.selenium.remote.service.DriverCommandExecutor.invokeExecute(DriverCommandExecutor.java:196)
at org.openqa.selenium.remote.service.DriverCommandExecutor.execute(DriverCommandExecutor.java:171)
at org.openqa.selenium.remote.RemoteWebDriver.execute(RemoteWebDriver.java:518)
at org.openqa.selenium.remote.ElementLocation$ElementFinder$2.findElement(ElementLocation.java:165)
at org.openqa.selenium.remote.ElementLocation.findElement(ElementLocation.java:59)
at org.openqa.selenium.remote.RemoteWebDriver.findElement(RemoteWebDriver.java:355)
at org.openqa.selenium.remote.RemoteWebDriver.findElement(RemoteWebDriver.java:349)
at pageObject.GestionModelePage.supprimeUnModele(GestionModelePage.java:39)
at testcases.TestLoginLogout.ouvrirOutilAdmin(TestLoginLogout.java:49)
at java.base/java.util.ArrayList.forEach(ArrayList.java:1511)
... Removed 33 stack frames]]>
    </failure>
  </testcase> <!-- ouvrirOutilAdmin -->
  <testcase classname="testcases.TestSupprimerModele" name="deleteModele" time="4.246"/>
  <testcase classname="testcases.TestSupprimerModele" name="deleteModele" time="4.26"/>
  <testcase classname="testcases.TestSupprimerModele" name="deleteModele" time="4.381"/>
  <testcase classname="testcases.TestSupprimerModele" name="deleteModele" time="4.354"/>
</testsuite> <!-- Surefire test -->
